app/build/intermediates/manifest_merge_blame_file/debug/manifest-merger-blame-debug-report.txt
1<?xml version="1.0" encoding="utf-8"?>
2<manifest xmlns:android="http://schemas.android.com/apk/res/android"
3    package="com.douyin.autopay"
4    android:versionCode="1"
5    android:versionName="1.0" >
6
7    <uses-sdk
8        android:minSdkVersion="24"
9        android:targetSdkVersion="33" />
10
11    <uses-permission android:name="android.permission.INTERNET" />
11-->src/main/AndroidManifest.xml:5:5-67
11-->src/main/AndroidManifest.xml:5:22-64
12
13    <application
13-->src/main/AndroidManifest.xml:7:5-28:19
14        android:debuggable="true"
15        android:extractNativeLibs="false"
16        android:label="抖音支付拦截" >
16-->src/main/AndroidManifest.xml:8:9-31
17        <activity
17-->src/main/AndroidManifest.xml:10:9-17:20
18            android:name="com.douyin.autopay.MainActivity"
18-->src/main/AndroidManifest.xml:11:13-41
19            android:exported="true" >
19-->src/main/AndroidManifest.xml:12:13-36
20            <intent-filter>
20-->src/main/AndroidManifest.xml:13:13-16:29
21                <action android:name="android.intent.action.MAIN" />
21-->src/main/AndroidManifest.xml:14:17-69
21-->src/main/AndroidManifest.xml:14:25-66
22
23                <category android:name="android.intent.category.LAUNCHER" />
23-->src/main/AndroidManifest.xml:15:17-77
23-->src/main/AndroidManifest.xml:15:27-74
24            </intent-filter>
25        </activity>
26
27        <meta-data
27-->src/main/AndroidManifest.xml:19:9-21:36
28            android:name="xposedmodule"
28-->src/main/AndroidManifest.xml:20:13-40
29            android:value="true" />
29-->src/main/AndroidManifest.xml:21:13-33
30        <meta-data
30-->src/main/AndroidManifest.xml:22:9-24:41
31            android:name="xposeddescription"
31-->src/main/AndroidManifest.xml:23:13-45
32            android:value="拦截抖音支付宝链接" />
32-->src/main/AndroidManifest.xml:24:13-38
33        <meta-data
33-->src/main/AndroidManifest.xml:25:9-27:34
34            android:name="xposedminversion"
34-->src/main/AndroidManifest.xml:26:13-44
35            android:value="82" />
35-->src/main/AndroidManifest.xml:27:13-31
36    </application>
37
38</manifest>